execve("./sys_call", ["./sys_call"], 0x7fff780e0bd0 /* 45 vars */) = 0
brk(NULL)                               = 0x55ee36338000
access("/etc/ld.so.preload", R_OK)      = -1 ENOENT (No such file or directory)
openat(AT_FDCWD, "/etc/ld.so.cache", O_RDONLY|O_CLOEXEC) = 3
fstat(3, {st_mode=S_IFREG|0644, st_size=134971, ...}) = 0
mmap(NULL, 134971, PROT_READ, MAP_PRIVATE, 3, 0) = 0x7fcc61fe2000
close(3)                                = 0
openat(AT_FDCWD, "/usr/lib/libc.so.6", O_RDONLY|O_CLOEXEC) = 3
read(3, "\177ELF\2\1\1\3\0\0\0\0\0\0\0\0\3\0>\0\1\0\0\0\200\20\2\0\0\0\0\0"..., 832) = 832
fstat(3, {st_mode=S_IFREG|0755, st_size=2065840, ...}) = 0
mmap(NULL, 8192, PROT_READ|PROT_WRITE, MAP_PRIVATE|MAP_ANONYMOUS, -1, 0) = 0x7fcc61fe0000
mmap(NULL, 3893456, PROT_READ|PROT_EXEC, MAP_PRIVATE|MAP_DENYWRITE, 3, 0) = 0x7fcc61a28000
mprotect(0x7fcc61bd6000, 2093056, PROT_NONE) = 0
mmap(0x7fcc61dd5000, 24576, PROT_READ|PROT_WRITE, MAP_PRIVATE|MAP_FIXED|MAP_DENYWRITE, 3, 0x1ad000) = 0x7fcc61dd5000
mmap(0x7fcc61ddb000, 14544, PROT_READ|PROT_WRITE, MAP_PRIVATE|MAP_FIXED|MAP_ANONYMOUS, -1, 0) = 0x7fcc61ddb000
close(3)                                = 0
arch_prctl(ARCH_SET_FS, 0x7fcc61fe14c0) = 0
mprotect(0x7fcc61dd5000, 16384, PROT_READ) = 0
mprotect(0x55ee351d5000, 4096, PROT_READ) = 0
mprotect(0x7fcc62003000, 4096, PROT_READ) = 0
munmap(0x7fcc61fe2000, 134971)          = 0
getuid()                                = 0
fstat(1, {st_mode=S_IFREG|0644, st_size=1432, ...}) = 0
brk(NULL)                               = 0x55ee36338000
brk(0x55ee36359000)                     = 0x55ee36359000
write(1, "UID = 0\n", 8UID = 0
)                = 8
exit_group(0)                           = ?
+++ exited with 0 +++
