= Start
@ /usr/lib/libc.so.6:(_IO_file_doallocate+0x8d)[0x7f333fc94c7d] + 0x557eea6696a0 0x400
@ /usr/lib/libc.so.6:(_IO_file_doallocate+0x8d)[0x7f333fc94c7d] + 0x557eea669ab0 0x400
@ ./main:[0x557ee8596e11] + 0x557eea669ec0 0x10
@ /lib64/ld-linux-x86-64.so.2:[0x7f334020ec43] + 0x557eea669ee0 0x110
@ ./main:[0x557ee8596bdc] + 0x557eea66a000 0x38
@ /lib64/ld-linux-x86-64.so.2:[0x7f334020ec43] + 0x557eea66a040 0x110
@ ./main:[0x557ee8596bdc] + 0x557eea66a160 0x38
@ /lib64/ld-linux-x86-64.so.2:[0x7f334020ec43] + 0x557eea66a1a0 0x110
@ ./main:[0x557ee8596bdc] + 0x557eea66a2c0 0x38
@ /lib64/ld-linux-x86-64.so.2:[0x7f334020ec43] + 0x557eea66a300 0x110
@ ./main:[0x557ee8596bdc] + 0x557eea66a420 0x38
@ /lib64/ld-linux-x86-64.so.2:[0x7f334020ec43] + 0x557eea66a460 0x110
@ ./main:[0x557ee8596bdc] + 0x557eea66a580 0x38
@ /lib64/ld-linux-x86-64.so.2:[0x7f334020ec43] + 0x557eea66a5c0 0x110
@ ./main:[0x557ee8596c65] - 0x557eea66a420
@ /lib64/ld-linux-x86-64.so.2:[0x7f3340217f4b] + 0x7f3338000b10 0x17
@ /lib64/ld-linux-x86-64.so.2:[0x7f3340208222] + 0x7f3338000b30 0x49e
@ /lib64/ld-linux-x86-64.so.2:[0x7f3340208509] + 0x7f3338000fe0 0x17
@ /lib64/ld-linux-x86-64.so.2:[0x7f334020a7f7] + 0x557eea66a420 0x38
@ /lib64/ld-linux-x86-64.so.2:[0x7f334020e004] + 0x7f3338001000 0x180
@ /usr/lib/libc.so.6:[0x7f333fd8b954] - 0x7f33380008c0
@ ./main:[0x557ee8596c65] - 0x557eea66a580
@ /usr/lib/libc.so.6:[0x7f333fd8b93b] - 0x557eea66a580
@ /usr/lib/libc.so.6:[0x7f333fd8b954] - 0x7f33380013e0
@ /usr/lib/libc.so.6:[0x7f333fd8b93b] - 0x557eea